<?xml version="1.0" encoding="UTF-8"?>
<!-- Generated by org.testng.reporters.JUnitXMLReporter -->
<testsuite ignored="4" hostname="AKM_Laptop" failures="0" tests="1" name="Default test" time="5.032" errors="0" timestamp="2024-01-22T19:53:43 EST">
  <testcase classname="com.tutorialsninja.TestCases.LoginTest" name="verifyLoginWithInvalidCrendentials" time="0.537"/>
  <testcase classname="com.tutorialsninja.TestCases.LoginTest" name="verifyLoginWithValidCredentials" time="0.0">
    <ignored/>
  </testcase> <!-- verifyLoginWithValidCredentials -->
  <testcase classname="com.tutorialsninja.TestCases.LoginTest" name="verifyLoginWithNoCredentials" time="0.0">
    <ignored/>
  </testcase> <!-- verifyLoginWithNoCredentials -->
  <testcase classname="com.tutorialsninja.TestCases.LoginTest" name="verifyLoginWithInvalidEmail" time="0.0">
    <ignored/>
  </testcase> <!-- verifyLoginWithInvalidEmail -->
  <testcase classname="com.tutorialsninja.TestCases.LoginTest" name="verifyLoginWithInvalidPassword" time="0.0">
    <ignored/>
  </testcase> <!-- verifyLoginWithInvalidPassword -->
</testsuite> <!-- Default test -->
