<?xml version="1.0" encoding="UTF-8"?>
<!-- Generated by org.testng.reporters.JUnitXMLReporter -->
<testsuite ignored="0" hostname="AKM_Laptop" failures="2" tests="11" name="Test" time="53.111" errors="0" timestamp="2024-01-22T19:40:26 EST">
  <testcase classname="com.tutorialsninja.TestCases.RegisterTest" name="verifyRegisterWithAllFields" time="1.268"/>
  <testcase classname="com.tutorialsninja.TestCases.RegisterTest" name="verifyRegisterWithExistingEmail" time="0.852"/>
  <testcase classname="com.tutorialsninja.TestCases.RegisterTest" name="verifyRegisterWithMandatoryFields" time="1.239"/>
  <testcase classname="com.tutorialsninja.TestCases.LoginTest" name="verifyLoginWithValidCredentials" time="1.146"/>
  <testcase classname="com.tutorialsninja.TestCases.LoginTest" name="verifyLoginWithInvalidCrendentials" time="0.603">
    <failure type="java.lang.AssertionError" message="expected [Warning: No match for E-Mail Address and/or Password.] but found [Warning: Your account has exceeded allowed number of login attempts. Please try again in 1 hour.]">
      <![CDATA[java.lang.AssertionError: expected [Warning: No match for E-Mail Address and/or Password.] but found [Warning: Your account has exceeded allowed number of login attempts. Please try again in 1 hour.]
at com.tutorialsninja.TestCases.LoginTest.verifyLoginWithInvalidCrendentials(LoginTest.java:49)
at java.base/java.util.ArrayList.forEach(ArrayList.java:1511)
... Removed 33 stack frames]]>
    </failure>
  </testcase> <!-- verifyLoginWithInvalidCrendentials -->
  <testcase classname="com.tutorialsninja.TestCases.LoginTest" name="verifyLoginWithInvalidEmail" time="0.644">
    <failure type="java.lang.AssertionError" message="expected [Warning: No match for E-Mail Address and/or Password.] but found [Warning: Your account has exceeded allowed number of login attempts. Please try again in 1 hour.]">
      <![CDATA[java.lang.AssertionError: expected [Warning: No match for E-Mail Address and/or Password.] but found [Warning: Your account has exceeded allowed number of login attempts. Please try again in 1 hour.]
at com.tutorialsninja.TestCases.LoginTest.verifyLoginWithInvalidEmail(LoginTest.java:61)
at java.base/java.util.ArrayList.forEach(ArrayList.java:1511)
... Removed 33 stack frames]]>
    </failure>
  </testcase> <!-- verifyLoginWithInvalidEmail -->
  <testcase classname="com.tutorialsninja.TestCases.LoginTest" name="verifyLoginWithInvalidPassword" time="0.615"/>
  <testcase classname="com.tutorialsninja.TestCases.LoginTest" name="verifyLoginWithNoCredentials" time="0.522"/>
  <testcase classname="com.tutorialsninja.TestCases.SearchProductTest" name="verifyValidProduct" time="0.692"/>
  <testcase classname="com.tutorialsninja.TestCases.SearchProductTest" name="verifyInvalidProduct" time="0.486"/>
  <testcase classname="com.tutorialsninja.TestCases.SearchProductTest" name="verifyNoProduct" time="0.417"/>
</testsuite> <!-- Test -->
