<?xml version="1.0" encoding="UTF-8"?>
<testng-results ignored="0" total="1" passed="1" failed="0" skipped="0">
  <reporter-output>
  </reporter-output>
  <suite started-at="2024-01-22T21:50:54 EST" name="Default suite" finished-at="2024-01-22T21:51:09 EST" duration-ms="14406">
    <groups>
    </groups>
    <test started-at="2024-01-22T21:50:54 EST" name="Default test" finished-at="2024-01-22T21:51:09 EST" duration-ms="14406">
      <class name="com.tutorialsninja.TestCases.AddToProductTest">
        <test-method is-config="true" signature="loginSetup()[pri:0, instance:com.tutorialsninja.TestCases.AddToProductTest@4d154ccd]" started-at="2024-01-22T21:50:54 EST" name="loginSetup" finished-at="2024-01-22T21:50:58 EST" duration-ms="3886" status="PASS">
          <reporter-output>
          </reporter-output>
        </test-method> <!-- loginSetup -->
        <test-method signature="testCase1()[pri:0, instance:com.tutorialsninja.TestCases.AddToProductTest@4d154ccd]" started-at="2024-01-22T21:50:58 EST" name="testCase1" finished-at="2024-01-22T21:51:09 EST" duration-ms="10321" status="PASS">
          <reporter-output>
          </reporter-output>
        </test-method> <!-- testCase1 -->
        <test-method is-config="true" signature="tearDown()[pri:0, instance:com.tutorialsninja.TestCases.AddToProductTest@4d154ccd]" started-at="2024-01-22T21:51:09 EST" name="tearDown" finished-at="2024-01-22T21:51:09 EST" duration-ms="162" status="PASS">
          <reporter-output>
          </reporter-output>
        </test-method> <!-- tearDown -->
      </class> <!-- com.tutorialsninja.TestCases.AddToProductTest -->
    </test> <!-- Default test -->
  </suite> <!-- Default suite -->
</testng-results>
